<component name="libraryTable">
  <library name="junit.platform.console.standalone" type="repository">
    <properties maven-id="org.junit.platform:junit-platform-console-standalone:1.9.2" />
    <CLASSES>
      <root url="jar://$MAVEN_REPOSITORY$/org/junit/platform/junit-platform-console-standalone/1.9.2/junit-platform-console-standalone-1.9.2.jar!/" />
    </CLASSES>
    <JAVADOC />
    <SOURCES />
  </library>
</component>